Analysis & Synthesis report for ALU
Fri Nov 08 17:00:00 2019
Version 5.1 Build 176 10/26/2005 SJ Full Version


---------------------
; Table of Contents ;
---------------------
  1. Legal Notice
  2. Analysis & Synthesis Summary
  3. Analysis & Synthesis Settings
  4. Analysis & Synthesis Source Files Read
  5. Analysis & Synthesis Resource Usage Summary
  6. Analysis & Synthesis Resource Utilization by Entity
  7. User-Specified and Inferred Latches
  8. General Register Statistics
  9. Multiplexer Restructuring Statistics (Restructuring Performed)
 10. Analysis & Synthesis Equations
 11. Analysis & Synthesis Messages



----------------
; Legal Notice ;
----------------
Copyright (C) 1991-2005 Altera Corporation
Your use of Altera Corporation's design tools, logic functions 
and other software and tools, and its AMPP partner logic 
functions, and any output files any of the foregoing 
(including device programming or simulation files), and any 
associated documentation or information are expressly subject 
to the terms and conditions of the Altera Program License 
Subscription Agreement, Altera MegaCore Function License 
Agreement, or other applicable license agreement, including, 
without limitation, that your use is for the sole purpose of 
programming logic devices manufactured by Altera and sold by 
Altera or its authorized distributors.  Please refer to the 
applicable agreement for further details.



+------------------------------------------------------------------------+
; Analysis & Synthesis Summary                                           ;
+-----------------------------+------------------------------------------+
; Analysis & Synthesis Status ; Successful - Fri Nov 08 17:00:00 2019    ;
; Quartus II Version          ; 5.1 Build 176 10/26/2005 SJ Full Version ;
; Revision Name               ; ALU                                      ;
; Top-level Entity Name       ; ALU                                      ;
; Family                      ; Stratix                                  ;
; Total logic elements        ; 47                                       ;
; Total pins                  ; 28                                       ;
; Total virtual pins          ; 0                                        ;
; Total memory bits           ; 0                                        ;
; DSP block 9-bit elements    ; 0                                        ;
; Total PLLs                  ; 0                                        ;
; Total DLLs                  ; 0                                        ;
+-----------------------------+------------------------------------------+


+--------------------------------------------------------------------------------------------------------------+
; Analysis & Synthesis Settings                                                                                ;
+--------------------------------------------------------------------+--------------------+--------------------+
; Option                                                             ; Setting            ; Default Value      ;
+--------------------------------------------------------------------+--------------------+--------------------+
; Top-level entity name                                              ; ALU                ; ALU                ;
; Family name                                                        ; Stratix            ; Stratix            ;
; Use smart compilation                                              ; Off                ; Off                ;
; Restructure Multiplexers                                           ; Auto               ; Auto               ;
; Create Debugging Nodes for IP Cores                                ; Off                ; Off                ;
; Preserve fewer node names                                          ; On                 ; On                 ;
; Disable OpenCore Plus hardware evaluation                          ; Off                ; Off                ;
; Verilog Version                                                    ; Verilog_2001       ; Verilog_2001       ;
; VHDL Version                                                       ; VHDL93             ; VHDL93             ;
; State Machine Processing                                           ; Auto               ; Auto               ;
; Extract Verilog State Machines                                     ; On                 ; On                 ;
; Extract VHDL State Machines                                        ; On                 ; On                 ;
; Add Pass-Through Logic to Inferred RAMs                            ; On                 ; On                 ;
; DSP Block Balancing                                                ; Auto               ; Auto               ;
; Maximum DSP Block Usage                                            ; -1                 ; -1                 ;
; NOT Gate Push-Back                                                 ; On                 ; On                 ;
; Power-Up Don't Care                                                ; On                 ; On                 ;
; Remove Redundant Logic Cells                                       ; Off                ; Off                ;
; Remove Duplicate Registers                                         ; On                 ; On                 ;
; Ignore CARRY Buffers                                               ; Off                ; Off                ;
; Ignore CASCADE Buffers                                             ; Off                ; Off                ;
; Ignore GLOBAL Buffers                                              ; Off                ; Off                ;
; Ignore ROW GLOBAL Buffers                                          ; Off                ; Off                ;
; Ignore LCELL Buffers                                               ; Off                ; Off                ;
; Ignore SOFT Buffers                                                ; On                 ; On                 ;
; Limit AHDL Integers to 32 Bits                                     ; Off                ; Off                ;
; Optimization Technique -- Stratix/Stratix GX                       ; Balanced           ; Balanced           ;
; Carry Chain Length -- Stratix/Stratix GX/Cyclone/MAX II/Cyclone II ; 70                 ; 70                 ;
; Auto Carry Chains                                                  ; On                 ; On                 ;
; Auto Open-Drain Pins                                               ; On                 ; On                 ;
; Remove Duplicate Logic                                             ; On                 ; On                 ;
; Perform WYSIWYG Primitive Resynthesis                              ; Off                ; Off                ;
; Perform gate-level register retiming                               ; Off                ; Off                ;
; Allow register retiming to trade off Tsu/Tco with Fmax             ; On                 ; On                 ;
; Auto ROM Replacement                                               ; On                 ; On                 ;
; Auto RAM Replacement                                               ; On                 ; On                 ;
; Auto DSP Block Replacement                                         ; On                 ; On                 ;
; Auto Shift Register Replacement                                    ; On                 ; On                 ;
; Auto Clock Enable Replacement                                      ; On                 ; On                 ;
; Allow Synchronous Control Signals                                  ; On                 ; On                 ;
; Force Use of Synchronous Clear Signals                             ; Off                ; Off                ;
; Auto RAM Block Balancing                                           ; On                 ; On                 ;
; Auto Resource Sharing                                              ; Off                ; Off                ;
; Allow Any RAM Size For Recognition                                 ; Off                ; Off                ;
; Allow Any ROM Size For Recognition                                 ; Off                ; Off                ;
; Allow Any Shift Register Size For Recognition                      ; Off                ; Off                ;
; Maximum Number of M512 Memory Blocks                               ; -1                 ; -1                 ;
; Maximum Number of M4K Memory Blocks                                ; -1                 ; -1                 ;
; Maximum Number of M-RAM Memory Blocks                              ; -1                 ; -1                 ;
; Ignore translate_off and translate_on Synthesis Directives         ; Off                ; Off                ;
; Show Parameter Settings Tables in Synthesis Report                 ; On                 ; On                 ;
; Ignore Maximum Fan-Out Assignments                                 ; Off                ; Off                ;
; Retiming Meta-Stability Register Sequence Length                   ; 2                  ; 2                  ;
; PowerPlay Power Optimization                                       ; Normal compilation ; Normal compilation ;
; HDL message level                                                  ; Level2             ; Level2             ;
+--------------------------------------------------------------------+--------------------+--------------------+


+---------------------------------------------------------------------------------------------------------------------------------+
; Analysis & Synthesis Source Files Read                                                                                          ;
+----------------------------------+-----------------+-----------------+----------------------------------------------------------+
; File Name with User-Entered Path ; Used in Netlist ; File Type       ; File Name with Absolute Path                             ;
+----------------------------------+-----------------+-----------------+----------------------------------------------------------+
; ALU.vhd                          ; yes             ; User VHDL File  ; C:/Documents and Settings/Administrator/×ÀÃæ/alu/ALU.vhd ;
+----------------------------------+-----------------+-----------------+----------------------------------------------------------+


+---------------------------------------------------------+
; Analysis & Synthesis Resource Usage Summary             ;
+---------------------------------------------+-----------+
; Resource                                    ; Usage     ;
+---------------------------------------------+-----------+
; Total logic elements                        ; 47        ;
;     -- Combinational with no register       ; 47        ;
;     -- Register only                        ; 0         ;
;     -- Combinational with a register        ; 0         ;
;                                             ;           ;
; Logic element usage by number of LUT inputs ;           ;
;     -- 4 input functions                    ; 11        ;
;     -- 3 input functions                    ; 34        ;
;     -- 2 input functions                    ; 2         ;
;     -- 1 input functions                    ; 0         ;
;     -- 0 input functions                    ; 0         ;
;         -- Combinational cells for routing  ; 0         ;
;                                             ;           ;
; Logic elements by mode                      ;           ;
;     -- normal mode                          ; 38        ;
;     -- arithmetic mode                      ; 9         ;
;     -- qfbk mode                            ; 0         ;
;     -- register cascade mode                ; 0         ;
;     -- synchronous clear/load mode          ; 0         ;
;     -- asynchronous clear/load mode         ; 0         ;
;                                             ;           ;
; Total registers                             ; 0         ;
; Total logic cells in carry chains           ; 10        ;
; I/O pins                                    ; 28        ;
; Maximum fan-out node                        ; choice[1] ;
; Maximum fan-out                             ; 37        ;
; Total fan-out                               ; 160       ;
; Average fan-out                             ; 2.13      ;
+---------------------------------------------+-----------+


+---------------------------------------------------------------------------------------------------------------------------------------------------------------------------------------------------------------------------------------------------------+
; Analysis & Synthesis Resource Utilization by Entity                                                                                                                                                                                                     ;
+----------------------------+-------------+--------------+-------------+--------------+---------+-----------+-----------+------+--------------+--------------+-------------------+------------------+-----------------+------------+---------------------+
; Compilation Hierarchy Node ; Logic Cells ; LC Registers ; Memory Bits ; DSP Elements ; DSP 9x9 ; DSP 18x18 ; DSP 36x36 ; Pins ; Virtual Pins ; LUT-Only LCs ; Register-Only LCs ; LUT/Register LCs ; Carry Chain LCs ; Packed LCs ; Full Hierarchy Name ;
+----------------------------+-------------+--------------+-------------+--------------+---------+-----------+-----------+------+--------------+--------------+-------------------+------------------+-----------------+------------+---------------------+
; |ALU                       ; 47 (47)     ; 0            ; 0           ; 0            ; 0       ; 0         ; 0         ; 28   ; 0            ; 47 (47)      ; 0 (0)             ; 0 (0)            ; 10 (10)         ; 0 (0)      ; |ALU                ;
+----------------------------+-------------+--------------+-------------+--------------+---------+-----------+-----------+------+--------------+--------------+-------------------+------------------+-----------------+------------+---------------------+
Note: For table entries with two numbers listed, the numbers in parentheses indicate the number of resources of the given type used by the specific entity alone. The numbers listed outside of parentheses indicate the total resources of the given type used by the specific entity and all of its sub-entities in the hierarchy.


+---------------------------------------------------+
; User-Specified and Inferred Latches               ;
+-----------------------------------------------+---+
; Latch Name                                    ;   ;
+-----------------------------------------------+---+
; c1[0]                                         ;   ;
; c1[1]                                         ;   ;
; c1[2]                                         ;   ;
; c1[3]                                         ;   ;
; c1[4]                                         ;   ;
; c1[5]                                         ;   ;
; c1[6]                                         ;   ;
; c1[7]                                         ;   ;
; c1[8]                                         ;   ;
; Number of user-specified and inferred latches ; 9 ;
+-----------------------------------------------+---+
Note: All latches listed above may not be present at the end of synthesis due to various synthesis optimizations.


+------------------------------------------------------+
; General Register Statistics                          ;
+----------------------------------------------+-------+
; Statistic                                    ; Value ;
+----------------------------------------------+-------+
; Total registers                              ; 0     ;
; Number of registers using Synchronous Clear  ; 0     ;
; Number of registers using Synchronous Load   ; 0     ;
; Number of registers using Asynchronous Clear ; 0     ;
; Number of registers using Asynchronous Load  ; 0     ;
; Number of registers using Clock Enable       ; 0     ;
; Number of registers using Preset             ; 0     ;
+----------------------------------------------+-------+


+------------------------------------------------------------------------------------------------------------------------------------------+
; Multiplexer Restructuring Statistics (Restructuring Performed)                                                                           ;
+--------------------+-----------+---------------+----------------------+------------------------+------------+----------------------------+
; Multiplexer Inputs ; Bus Width ; Baseline Area ; Area if Restructured ; Saving if Restructured ; Registered ; Example Multiplexer Output ;
+--------------------+-----------+---------------+----------------------+------------------------+------------+----------------------------+
; 4:1                ; 8 bits    ; 16 LEs        ; 16 LEs               ; 0 LEs                  ; No         ; |ALU|process0~15           ;
+--------------------+-----------+---------------+----------------------+------------------------+------------+----------------------------+


+--------------------------------+
; Analysis & Synthesis Equations ;
+--------------------------------+
The equations can be found in C:/Documents and Settings/Administrator/×ÀÃæ/alu/ALU.map.eqn.


+-------------------------------+
; Analysis & Synthesis Messages ;
+-------------------------------+
Info: *******************************************************************
Info: Running Quartus II Analysis & Synthesis
    Info: Version 5.1 Build 176 10/26/2005 SJ Full Version
    Info: Processing started: Fri Nov 08 17:00:00 2019
Info: Command: quartus_map --read_settings_files=on --write_settings_files=off ALU -c ALU
Info: Found 2 design units, including 1 entities, in source file ALU.vhd
    Info: Found design unit 1: ALU-adderdo
    Info: Found entity 1: ALU
Info: Elaborating entity "ALU" for the top level hierarchy
Warning (10492): VHDL Process Statement warning at ALU.vhd(22): signal "a1" is read inside the Process Statement but isn't in the Process Statement's sensivitity list
Warning (10492): VHDL Process Statement warning at ALU.vhd(22): signal "b1" is read inside the Process Statement but isn't in the Process Statement's sensivitity list
Warning (10492): VHDL Process Statement warning at ALU.vhd(23): signal "c1" is read inside the Process Statement but isn't in the Process Statement's sensivitity list
Warning (10492): VHDL Process Statement warning at ALU.vhd(24): signal "c1" is read inside the Process Statement but isn't in the Process Statement's sensivitity list
Warning (10492): VHDL Process Statement warning at ALU.vhd(26): signal "a1" is read inside the Process Statement but isn't in the Process Statement's sensivitity list
Warning (10492): VHDL Process Statement warning at ALU.vhd(26): signal "b1" is read inside the Process Statement but isn't in the Process Statement's sensivitity list
Warning (10492): VHDL Process Statement warning at ALU.vhd(27): signal "c1" is read inside the Process Statement but isn't in the Process Statement's sensivitity list
Warning (10492): VHDL Process Statement warning at ALU.vhd(28): signal "c1" is read inside the Process Statement but isn't in the Process Statement's sensivitity list
Warning (10492): VHDL Process Statement warning at ALU.vhd(36): signal "c" is read inside the Process Statement but isn't in the Process Statement's sensivitity list
Warning (10492): VHDL Process Statement warning at ALU.vhd(36): signal "cin" is read inside the Process Statement but isn't in the Process Statement's sensivitity list
Warning (10631): VHDL Process Statement warning at ALU.vhd(17): signal or variable "c1" may not be assigned a new value in every possible path through the Process Statement. Signal or variable "c1" holds its previous value in every path with no new value assignment, which may create a combinational loop in the current design.
Warning (10631): VHDL Process Statement warning at ALU.vhd(17): signal or variable "c" may not be assigned a new value in every possible path through the Process Statement. Signal or variable "c" holds its previous value in every path with no new value assignment, which may create a combinational loop in the current design.
Warning (10631): VHDL Process Statement warning at ALU.vhd(17): signal or variable "cin" may not be assigned a new value in every possible path through the Process Statement. Signal or variable "cin" holds its previous value in every path with no new value assignment, which may create a combinational loop in the current design.
Warning: LATCH primitive "c[0]$latch" is permanently enabled
Warning: LATCH primitive "c[1]$latch" is permanently enabled
Warning: LATCH primitive "c[2]$latch" is permanently enabled
Warning: LATCH primitive "c[3]$latch" is permanently enabled
Warning: LATCH primitive "c[4]$latch" is permanently enabled
Warning: LATCH primitive "c[5]$latch" is permanently enabled
Warning: LATCH primitive "c[6]$latch" is permanently enabled
Warning: LATCH primitive "c[7]$latch" is permanently enabled
Warning: LATCH primitive "cin$latch" is permanently enabled
Info: Implemented 75 device resources after synthesis - the final resource count might be different
    Info: Implemented 18 input pins
    Info: Implemented 10 output pins
    Info: Implemented 47 logic cells
Info: Quartus II Analysis & Synthesis was successful. 0 errors, 22 warnings
    Info: Processing ended: Fri Nov 08 17:00:00 2019
    Info: Elapsed time: 00:00:00


